version: (200506)

available memory: 64M bytes
used memory: 98304 bytes [need 96K bytes if disable swap]

used block: 5 [memory(5) file(0)]
                 [ 8K(4) 64K(1) { total 96K bytes } ]
overhead: (9532) bytes for (5) blocks [Average: (1906) bytes/block]

write  => 0(times) 0K(bytes) [0K bytes to file]
read   => 1(times) 18K(bytes) [3K bytes compressed data from file]
access => 22384(times) 180M(bytes)
          [hit ratio: 99.9955%]

time: write(0) read(0)  unit: second

swap file directory: (/home/pedu14/wkp/260604_ram/verdiLog)
used swap file number: (1)



swap file manager:
arrSize: (256)
idxCnt: (4)
closeHead: (1)
closeTail: (2)
openCnt: (2)
fid(3): fd(0) fileName(/home/pedu14/wkp/260604_ram/simv.daidir/kdb.elab++/work.lib++/uvm_custom_install_verdi_recorder.sv.tdc)
	size(16417) lastModTime(1780662590) curModTime(1780662590)
	mode(rb)	hot(0) cool(0) pos(0)
fid(2): fd(22) fileName(/home/pedu14/wkp/260604_ram/verdiLog/_swap_0001#478980509#2642266)
	size(0) lastModTime(0) curModTime(1780662684)
	mode(w+b)	hot(0) cool(1) pos(0)
fid(1): fd(1073741824) fileName(/home/pedu14/wkp/260604_ram/simv.daidir/kdb.elab++/work.lib++/tb_ram_uvm.sv.tdc)
	size(28232) lastModTime(1780662590) curModTime(1780662590)
	mode(rb)	hot(2) cool(0) pos(0)
fid(0): fd(0) fileName(NULL)
	mode(NULL)	hot(0) cool(0) pos(0)
==================================================
mySelf(0x21536540) pre(0x22877190) next((nil))
version(200506)
date(Mar  1 2025 20:26:47)
